<?xml version="1.0" encoding="UTF-8"?>
<testng-results skipped="0" failed="0" total="0" passed="0">
  <reporter-output>
  </reporter-output>
  <suite name="Suite" duration-ms="18" started-at="2015-10-16T12:20:13Z" finished-at="2015-10-16T12:20:13Z">
    <groups>
    </groups>
    <test name="Test" duration-ms="18" started-at="2015-10-16T12:20:13Z" finished-at="2015-10-16T12:20:13Z">
      <class name="demoJenkins.DemoJenkinsJobs">
        <test-method status="PASS" signature="testJenkins()[pri:0, instance:demoJenkins.DemoJenkinsJobs@52d455b8]" name="testJenkins" is-config="true" duration-ms="13" started-at="2015-10-16T17:50:13Z" finished-at="2015-10-16T17:50:13Z">
          <reporter-output>
          </reporter-output>
        </test-method> <!-- testJenkins -->
      </class> <!-- demoJenkins.DemoJenkinsJobs -->
    </test> <!-- Test -->
  </suite> <!-- Suite -->
</testng-results>
